c:\users\wes\source\repos\super click\super click\x64\debug\vc141.pdb
c:\users\wes\source\repos\super click\super click\x64\debug\vc141.idb
c:\users\wes\source\repos\super click\super click\x64\debug\object.obj
c:\users\wes\source\repos\super click\super click\x64\debug\mouse.obj
c:\users\wes\source\repos\super click\super click\x64\debug\main.obj
c:\users\wes\source\repos\super click\super click\x64\debug\resourcemanager.obj
c:\users\wes\source\repos\super click\super click\x64\debug\effectmanager.obj
c:\users\wes\source\repos\super click\super click\x64\debug\effect.obj
c:\users\wes\source\repos\super click\super click\x64\debug\crack.obj
c:\users\wes\source\repos\super click\super click\x64\debug\firesmall.obj
c:\users\wes\source\repos\super click\super click\x64\debug\explosion.obj
c:\users\wes\source\repos\super click\super click\x64\debug\firebig.obj
c:\users\wes\source\repos\super click\x64\debug\super click.exe
c:\users\wes\source\repos\super click\x64\debug\super click.ilk
c:\users\wes\source\repos\super click\x64\debug\super click.pdb
c:\users\wes\source\repos\super click\super click\x64\debug\super click.tlog\cl.command.1.tlog
c:\users\wes\source\repos\super click\super click\x64\debug\super click.tlog\cl.read.1.tlog
c:\users\wes\source\repos\super click\super click\x64\debug\super click.tlog\cl.write.1.tlog
c:\users\wes\source\repos\super click\super click\x64\debug\super click.tlog\link.command.1.tlog
c:\users\wes\source\repos\super click\super click\x64\debug\super click.tlog\link.read.1.tlog
c:\users\wes\source\repos\super click\super click\x64\debug\super click.tlog\link.write.1.tlog
